# JRE version: OpenJDK Runtime Environment (8.0_442-b06) (build 1.8.0_442-b06)
# Java VM: OpenJDK 64-Bit Server VM (25.442-b06 mixed mode windows-amd64 compressed oops)
Heap:
 PSYoungGen      total 261632K, used 193074K [0x000000076b200000, 0x0000000780b80000, 0x00000007c0000000)
  eden space 240640K, 80% used [0x000000076b200000,0x0000000776e8cba8,0x0000000779d00000)
  from space 20992K, 0% used [0x0000000779d00000,0x0000000779d00000,0x000000077b180000)
  to   space 21504K, 0% used [0x000000077f680000,0x000000077f680000,0x0000000780b80000)
 ParOldGen       total 222208K, used 27909K [0x00000006c1600000, 0x00000006cef00000, 0x000000076b200000)
  object space 222208K, 12% used [0x00000006c1600000,0x00000006c3141400,0x00000006cef00000)
 Metaspace       used 59859K, capacity 63760K, committed 63872K, reserved 1103872K
  class space    used 8319K, capacity 9070K, committed 9088K, reserved 1048576K
GC Heap History (10 events):
Event: 15.001 GC heap before
{Heap before GC invocations=12 (full 2):
 PSYoungGen      total 173568K, used 161792K [0x000000076b200000, 0x000000077a080000, 0x00000007c0000000)
  eden space 161792K, 100% used [0x000000076b200000,0x0000000775000000,0x0000000775000000)
  from space 11776K, 0% used [0x0000000775000000,0x0000000775000000,0x0000000775b80000)
  to   space 12288K, 0% used [0x0000000779480000,0x0000000779480000,0x000000077a080000)
 ParOldGen       total 160768K, used 18208K [0x00000006c1600000, 0x00000006cb300000, 0x000000076b200000)
  object space 160768K, 11% used [0x00000006c1600000,0x00000006c27c8328,0x00000006cb300000)
 Metaspace       used 40544K, capacity 42614K, committed 42880K, reserved 1085440K
  class space    used 5469K, capacity 5901K, committed 6016K, reserved 1048576K
Event: 15.009 GC heap after
Heap after GC invocations=12 (full 2):
 PSYoungGen      total 209920K, used 10528K [0x000000076b200000, 0x0000000779f00000, 0x00000007c0000000)
  eden space 199168K, 0% used [0x000000076b200000,0x000000076b200000,0x0000000777480000)
  from space 10752K, 97% used [0x0000000779480000,0x0000000779ec8338,0x0000000779f00000)
  to   space 13312K, 0% used [0x0000000778500000,0x0000000778500000,0x0000000779200000)
 ParOldGen       total 160768K, used 18216K [0x00000006c1600000, 0x00000006cb300000, 0x000000076b200000)
  object space 160768K, 11% used [0x00000006c1600000,0x00000006c27ca328,0x00000006cb300000)
 Metaspace       used 40544K, capacity 42614K, committed 42880K, reserved 1085440K
  class space    used 5469K, capacity 5901K, committed 6016K, reserved 1048576K
}
Event: 17.229 GC heap before
{Heap before GC invocations=13 (full 2):
 PSYoungGen      total 209920K, used 209696K [0x000000076b200000, 0x0000000779f00000, 0x00000007c0000000)
  eden space 199168K, 100% used [0x000000076b200000,0x0000000777480000,0x0000000777480000)
  from space 10752K, 97% used [0x0000000779480000,0x0000000779ec8338,0x0000000779f00000)
  to   space 13312K, 0% used [0x0000000778500000,0x0000000778500000,0x0000000779200000)
 ParOldGen       total 160768K, used 18216K [0x00000006c1600000, 0x00000006cb300000, 0x000000076b200000)
  object space 160768K, 11% used [0x00000006c1600000,0x00000006c27ca328,0x00000006cb300000)
 Metaspace       used 48019K, capacity 50796K, committed 50944K, reserved 1093632K
  class space    used 6532K, capacity 7075K, committed 7168K, reserved 1048576K
Event: 17.243 GC heap after
Heap after GC invocations=13 (full 2):
 PSYoungGen      total 229376K, used 13284K [0x000000076b200000, 0x000000077c180000, 0x00000007c0000000)
  eden space 216064K, 0% used [0x000000076b200000,0x000000076b200000,0x0000000778500000)
  from space 13312K, 99% used [0x0000000778500000,0x00000007791f9020,0x0000000779200000)
  to   space 16384K, 0% used [0x000000077b180000,0x000000077b180000,0x000000077c180000)
 ParOldGen       total 160768K, used 23401K [0x00000006c1600000, 0x00000006cb300000, 0x000000076b200000)
  object space 160768K, 14% used [0x00000006c1600000,0x00000006c2cda470,0x00000006cb300000)
 Metaspace       used 48019K, capacity 50796K, committed 50944K, reserved 1093632K
  class space    used 6532K, capacity 7075K, committed 7168K, reserved 1048576K
}
Event: 22.523 GC heap before
{Heap before GC invocations=14 (full 2):
 PSYoungGen      total 229376K, used 229082K [0x000000076b200000, 0x000000077c180000, 0x00000007c0000000)
  eden space 216064K, 99% used [0x000000076b200000,0x00000007784bdb40,0x0000000778500000)
  from space 13312K, 99% used [0x0000000778500000,0x00000007791f9020,0x0000000779200000)
  to   space 16384K, 0% used [0x000000077b180000,0x000000077b180000,0x000000077c180000)
 ParOldGen       total 160768K, used 23401K [0x00000006c1600000, 0x00000006cb300000, 0x000000076b200000)
  object space 160768K, 14% used [0x00000006c1600000,0x00000006c2cda470,0x00000006cb300000)
 Metaspace       used 55170K, capacity 58418K, committed 58624K, reserved 1099776K
  class space    used 7564K, capacity 8183K, committed 8192K, reserved 1048576K
Event: 22.542 GC heap after
Heap after GC invocations=14 (full 2):
 PSYoungGen      total 257024K, used 16354K [0x000000076b200000, 0x000000077db80000, 0x00000007c0000000)
  eden space 240640K, 0% used [0x000000076b200000,0x000000076b200000,0x0000000779d00000)
  from space 16384K, 99% used [0x000000077b180000,0x000000077c178ab8,0x000000077c180000)
  to   space 20992K, 0% used [0x0000000779d00000,0x0000000779d00000,0x000000077b180000)
 ParOldGen       total 160768K, used 29385K [0x00000006c1600000, 0x00000006cb300000, 0x000000076b200000)
  object space 160768K, 18% used [0x00000006c1600000,0x00000006c32b2578,0x00000006cb300000)
 Metaspace       used 55170K, capacity 58418K, committed 58624K, reserved 1099776K
  class space    used 7564K, capacity 8183K, committed 8192K, reserved 1048576K
}
Event: 22.918 GC heap before
{Heap before GC invocations=15 (full 2):
 PSYoungGen      total 257024K, used 27192K [0x000000076b200000, 0x000000077db80000, 0x00000007c0000000)
  eden space 240640K, 4% used [0x000000076b200000,0x000000076bc95710,0x0000000779d00000)
  from space 16384K, 99% used [0x000000077b180000,0x000000077c178ab8,0x000000077c180000)
  to   space 20992K, 0% used [0x0000000779d00000,0x0000000779d00000,0x000000077b180000)
 ParOldGen       total 160768K, used 29385K [0x00000006c1600000, 0x00000006cb300000, 0x000000076b200000)
  object space 160768K, 18% used [0x00000006c1600000,0x00000006c32b2578,0x00000006cb300000)
 Metaspace       used 55820K, capacity 59086K, committed 59160K, reserved 1099776K
  class space    used 7650K, capacity 8291K, committed 8320K, reserved 1048576K
Event: 22.926 GC heap after
Heap after GC invocations=15 (full 2):
 PSYoungGen      total 261632K, used 1096K [0x000000076b200000, 0x0000000780b80000, 0x00000007c0000000)
  eden space 240640K, 0% used [0x000000076b200000,0x000000076b200000,0x0000000779d00000)
  from space 20992K, 5% used [0x0000000779d00000,0x0000000779e123b0,0x000000077b180000)
  to   space 21504K, 0% used [0x000000077f680000,0x000000077f680000,0x0000000780b80000)
 ParOldGen       total 160768K, used 38793K [0x00000006c1600000, 0x00000006cb300000, 0x000000076b200000)
  object space 160768K, 24% used [0x00000006c1600000,0x00000006c3be2518,0x00000006cb300000)
 Metaspace       used 55820K, capacity 59086K, committed 59160K, reserved 1099776K
  class space    used 7650K, capacity 8291K, committed 8320K, reserved 1048576K
}
Event: 22.926 GC heap before
{Heap before GC invocations=16 (full 3):
 PSYoungGen      total 261632K, used 1096K [0x000000076b200000, 0x0000000780b80000, 0x00000007c0000000)
  eden space 240640K, 0% used [0x000000076b200000,0x000000076b200000,0x0000000779d00000)
  from space 20992K, 5% used [0x0000000779d00000,0x0000000779e123b0,0x000000077b180000)
  to   space 21504K, 0% used [0x000000077f680000,0x000000077f680000,0x0000000780b80000)
 ParOldGen       total 160768K, used 38793K [0x00000006c1600000, 0x00000006cb300000, 0x000000076b200000)
  object space 160768K, 24% used [0x00000006c1600000,0x00000006c3be2518,0x00000006cb300000)
 Metaspace       used 55820K, capacity 59086K, committed 59160K, reserved 1099776K
  class space    used 7650K, capacity 8291K, committed 8320K, reserved 1048576K
Event: 23.067 GC heap after
Heap after GC invocations=16 (full 3):
 PSYoungGen      total 261632K, used 0K [0x000000076b200000, 0x0000000780b80000, 0x00000007c0000000)
  eden space 240640K, 0% used [0x000000076b200000,0x000000076b200000,0x0000000779d00000)
  from space 20992K, 0% used [0x0000000779d00000,0x0000000779d00000,0x000000077b180000)
  to   space 21504K, 0% used [0x000000077f680000,0x000000077f680000,0x0000000780b80000)
 ParOldGen       total 222208K, used 27909K [0x00000006c1600000, 0x00000006cef00000, 0x000000076b200000)
  object space 222208K, 12% used [0x00000006c1600000,0x00000006c3141400,0x00000006cef00000)
 Metaspace       used 55820K, capacity 59086K, committed 59160K, reserved 1099776K
  class space    used 7650K, capacity 8291K, committed 8320K, reserved 1048576K
}

